Build started 2017-01-14 21:54:46.
     1>Project "C:\Users\Michał\Documents\Visual Studio 2013\Projects\Prisms_Intersection\Prisms_Intersection.vcxproj" on node 2 (Build target(s)).
     1>ClCompile:
         C:\Program Files (x86)\Microsoft Visual Studio 12.0\VC\bin\CL.exe /c /ZI /nologo /W3 /WX- /Od /Oy- /D WIN32 /D _DEBUG /D _CONSOLE /D _LIB /D _UNICODE /D UNICODE /Gm /EHsc /RTC1 /MDd /GS /fp:precise /Zc:wchar_t /Zc:forScope /Fo"Debug\\" /Fd"Debug\vc120.pdb" /Gd /TP /analyze- /errorReport:prompt DrawingPrisms.cpp
     1>cl : Command line warning D9028: minimal rebuild failure, reverting to normal build
         DrawingPrisms.cpp
     1>c:\users\michał\documents\visual studio 2013\projects\prisms_intersection\drawingprisms.cpp(6): warning C4244: 'argument' : conversion from 'time_t' to 'unsigned int', possible loss of data
       Link:
         C:\Program Files (x86)\Microsoft Visual Studio 12.0\VC\bin\link.exe /ERRORREPORT:PROMPT /OUT:"C:\Users\Michał\Documents\Visual Studio 2013\Projects\Prisms_Intersection\Debug\Prisms_Intersection.exe" /INCREMENTAL /NOLOGO opengl32.lib glfw3.lib glew32s.lib soil.lib kernel32.lib user32.lib gdi32.lib winspool.lib comdlg32.lib advapi32.lib shell32.lib ole32.lib oleaut32.lib uuid.lib odbc32.lib odbccp32.lib kernel32.lib user32.lib gdi32.lib winspool.lib comdlg32.lib advapi32.lib shell32.lib ole32.lib oleaut32.lib uuid.lib odbc32.lib odbccp32.lib /NODEFAULTLIB:msvcrt.lib /NODEFAULTLIB:libcmt.lib /MANIFEST /MANIFESTUAC:"level='asInvoker' uiAccess='false'" /manifest:embed /DEBUG /PDB:"C:\Users\Michał\Documents\Visual Studio 2013\Projects\Prisms_Intersection\Debug\Prisms_Intersection.pdb" /SUBSYSTEM:CONSOLE /TLBID:1 /DYNAMICBASE /NXCOMPAT /IMPLIB:"C:\Users\Michał\Documents\Visual Studio 2013\Projects\Prisms_Intersection\Debug\Prisms_Intersection.lib" /MACHINE:X86 Debug\DrawingPrisms.obj
         Debug\main.obj
         Debug\Polygon.obj
         Debug\Prism.obj
         Debug\PrismsGenerator.obj
         Debug\shprogram.obj
         Debug\UserInterface.obj
         Debug\Vertex.obj
         Prisms_Intersection.vcxproj -> C:\Users\Michał\Documents\Visual Studio 2013\Projects\Prisms_Intersection\Debug\Prisms_Intersection.exe
     1>Done Building Project "C:\Users\Michał\Documents\Visual Studio 2013\Projects\Prisms_Intersection\Prisms_Intersection.vcxproj" (Build target(s)).

Build succeeded.

Time Elapsed 00:00:01.32
