c:\users\toshiba\documents\visual studio 2013\projects\prisms_intersection\debug\vc120.pdb
c:\users\toshiba\documents\visual studio 2013\projects\prisms_intersection\debug\vc120.idb
c:\users\toshiba\documents\visual studio 2013\projects\prisms_intersection\debug\shprogram.obj
c:\users\toshiba\documents\visual studio 2013\projects\prisms_intersection\debug\vertex.obj
c:\users\toshiba\documents\visual studio 2013\projects\prisms_intersection\debug\linesegment.obj
c:\users\toshiba\documents\visual studio 2013\projects\prisms_intersection\debug\polygon.obj
c:\users\toshiba\documents\visual studio 2013\projects\prisms_intersection\debug\userinterface.obj
c:\users\toshiba\documents\visual studio 2013\projects\prisms_intersection\debug\weilerathertonalgorithm.obj
c:\users\toshiba\documents\visual studio 2013\projects\prisms_intersection\debug\drawingprisms.obj
c:\users\toshiba\documents\visual studio 2013\projects\prisms_intersection\debug\prism.obj
c:\users\toshiba\documents\visual studio 2013\projects\prisms_intersection\debug\prismsgenerator.obj
c:\users\toshiba\documents\visual studio 2013\projects\prisms_intersection\debug\main.obj
c:\users\toshiba\documents\visual studio 2013\projects\prisms_intersection\debug\prisms_intersection.ilk
c:\users\toshiba\documents\visual studio 2013\projects\prisms_intersection\debug\prisms_intersection.pdb
c:\users\toshiba\documents\visual studio 2013\projects\prisms_intersection\debug\prisms_intersection.exe
c:\users\toshiba\documents\visual studio 2013\projects\prisms_intersection\debug\prisms_i.a2797b2f.tlog\cl.command.1.tlog
c:\users\toshiba\documents\visual studio 2013\projects\prisms_intersection\debug\prisms_i.a2797b2f.tlog\cl.read.1.tlog
c:\users\toshiba\documents\visual studio 2013\projects\prisms_intersection\debug\prisms_i.a2797b2f.tlog\cl.write.1.tlog
c:\users\toshiba\documents\visual studio 2013\projects\prisms_intersection\debug\prisms_i.a2797b2f.tlog\link.command.1.tlog
c:\users\toshiba\documents\visual studio 2013\projects\prisms_intersection\debug\prisms_i.a2797b2f.tlog\link.read.1.tlog
c:\users\toshiba\documents\visual studio 2013\projects\prisms_intersection\debug\prisms_i.a2797b2f.tlog\link.write.1.tlog
